Problem:    RSU_deployment
Rows:       21
Columns:    20 (20 integer, 20 binary)
Non-zeros:  102
Status:     INTEGER OPTIMAL
Objective:  Z = 5 (MINimum)

   No.   Row name        Activity     Lower bound   Upper bound
------ ------------    ------------- ------------- -------------
     1 Z                           5                             
     2 R[1,1]                      1             1               
     3 R[1,2]                      1             1               
     4 R[1,3]                      1             1               
     5 R[1,4]                      0            -0               
     6 R[1,5]                      1             1               
     7 R[2,1]                      1             1               
     8 R[2,2]                      1             1               
     9 R[2,3]                      1             1               
    10 R[2,4]                      2             1               
    11 R[2,5]                      1             1               
    12 R[3,1]                      1             1               
    13 R[3,2]                      0            -0               
    14 R[3,3]                      1             1               
    15 R[3,4]                      1             1               
    16 R[3,5]                      1             1               
    17 R[4,1]                      1             1               
    18 R[4,2]                      1             1               
    19 R[4,3]                      1             1               
    20 R[4,4]                      1             1               
    21 R[4,5]                      1             1               

   No. Column name       Activity     Lower bound   Upper bound
------ ------------    ------------- ------------- -------------
     1 X[1,1]       *              1             0             1 
     2 X[1,2]       *              0             0             1 
     3 X[1,3]       *              0             0             1 
     4 X[1,4]       *              0             0             1 
     5 X[1,5]       *              0             0             1 
     6 X[2,1]       *              0             0             1 
     7 X[2,2]       *              0             0             1 
     8 X[2,3]       *              1             0             1 
     9 X[2,4]       *              0             0             1 
    10 X[2,5]       *              1             0             1 
    11 X[3,1]       *              0             0             1 
    12 X[3,2]       *              0             0             1 
    13 X[3,3]       *              0             0             1 
    14 X[3,4]       *              0             0             1 
    15 X[3,5]       *              0             0             1 
    16 X[4,1]       *              1             0             1 
    17 X[4,2]       *              0             0             1 
    18 X[4,3]       *              0             0             1 
    19 X[4,4]       *              1             0             1 
    20 X[4,5]       *              0             0             1 

Integer feasibility conditions:

KKT.PE: max.abs.err = 0.00e+00 on row 0
        max.rel.err = 0.00e+00 on row 0
        High quality

KKT.PB: max.abs.err = 0.00e+00 on row 0
        max.rel.err = 0.00e+00 on row 0
        High quality

End of output
